{"/Users/stefansokolowski/Documents/Javascript/t9/client/src/App.js": {"path":"/Users/stefansokolowski/Documents/Javascript/t9/client/src/App.js","statementMap":{"0":{"start":{"line":8,"column":12},"end":{"line":17,"column":1}},"1":{"start":{"line":9,"column":2},"end":{"line":16,"column":13}}},"fnMap":{"0":{"name":"(anonymous_0)","decl":{"start":{"line":8,"column":12},"end":{"line":8,"column":13}},"loc":{"start":{"line":9,"column":2},"end":{"line":16,"column":13}},"line":9}},"branchMap":{},"s":{"0":1,"1":1},"f":{"0":1},"b":{},"_coverageSchema":"1a1c01bbd47fc00a2c39e90264f33305004495a9","hash":"0c80db6695c7405b4225da95e676152095032ad1"}
,"/Users/stefansokolowski/Documents/Javascript/t9/client/src/index.js": {"path":"/Users/stefansokolowski/Documents/Javascript/t9/client/src/index.js","statementMap":{"0":{"start":{"line":6,"column":0},"end":{"line":11,"column":2}}},"fnMap":{},"branchMap":{},"s":{"0":0},"f":{},"b":{}}
,"/Users/stefansokolowski/Documents/Javascript/t9/client/src/components/Main.jsx": {"path":"/Users/stefansokolowski/Documents/Javascript/t9/client/src/components/Main.jsx","statementMap":{"0":{"start":{"line":8,"column":27},"end":{"line":10,"column":2}},"1":{"start":{"line":8,"column":40},"end":{"line":10,"column":1}},"2":{"start":{"line":9,"column":28},"end":{"line":9,"column":60}},"3":{"start":{"line":12,"column":13},"end":{"line":32,"column":1}},"4":{"start":{"line":15,"column":2},"end":{"line":19,"column":5}},"5":{"start":{"line":16,"column":21},"end":{"line":16,"column":73}},"6":{"start":{"line":16,"column":30},"end":{"line":16,"column":73}},"7":{"start":{"line":17,"column":4},"end":{"line":17,"column":51}},"8":{"start":{"line":18,"column":4},"end":{"line":18,"column":67}},"9":{"start":{"line":18,"column":17},"end":{"line":18,"column":66}},"10":{"start":{"line":21,"column":2},"end":{"line":31,"column":4}}},"fnMap":{"0":{"name":"(anonymous_0)","decl":{"start":{"line":8,"column":27},"end":{"line":8,"column":28}},"loc":{"start":{"line":8,"column":40},"end":{"line":10,"column":1}},"line":8},"1":{"name":"(anonymous_1)","decl":{"start":{"line":9,"column":17},"end":{"line":9,"column":18}},"loc":{"start":{"line":9,"column":28},"end":{"line":9,"column":60}},"line":9},"2":{"name":"(anonymous_2)","decl":{"start":{"line":12,"column":13},"end":{"line":12,"column":14}},"loc":{"start":{"line":12,"column":34},"end":{"line":32,"column":1}},"line":12},"3":{"name":"(anonymous_3)","decl":{"start":{"line":15,"column":12},"end":{"line":15,"column":13}},"loc":{"start":{"line":15,"column":18},"end":{"line":19,"column":3}},"line":15},"4":{"name":"(anonymous_4)","decl":{"start":{"line":16,"column":21},"end":{"line":16,"column":22}},"loc":{"start":{"line":16,"column":30},"end":{"line":16,"column":73}},"line":16},"5":{"name":"(anonymous_5)","decl":{"start":{"line":18,"column":11},"end":{"line":18,"column":12}},"loc":{"start":{"line":18,"column":17},"end":{"line":18,"column":66}},"line":18}},"branchMap":{"0":{"loc":{"start":{"line":16,"column":30},"end":{"line":16,"column":73}},"type":"binary-expr","locations":[{"start":{"line":16,"column":30},"end":{"line":16,"column":47}},{"start":{"line":16,"column":51},"end":{"line":16,"column":73}}],"line":16}},"s":{"0":2,"1":1,"2":0,"3":2,"4":1,"5":1,"6":0,"7":1,"8":1,"9":1,"10":1},"f":{"0":1,"1":0,"2":1,"3":1,"4":0,"5":1},"b":{"0":[0,0]},"_coverageSchema":"1a1c01bbd47fc00a2c39e90264f33305004495a9","hash":"4d1309fa225aa5708f967db87c21c333f9767c1f"}
,"/Users/stefansokolowski/Documents/Javascript/t9/client/src/components/NotFound.jsx": {"path":"/Users/stefansokolowski/Documents/Javascript/t9/client/src/components/NotFound.jsx","statementMap":{"0":{"start":{"line":3,"column":17},"end":{"line":9,"column":1}},"1":{"start":{"line":4,"column":2},"end":{"line":8,"column":8}}},"fnMap":{"0":{"name":"(anonymous_0)","decl":{"start":{"line":3,"column":17},"end":{"line":3,"column":18}},"loc":{"start":{"line":4,"column":2},"end":{"line":8,"column":8}},"line":4}},"branchMap":{},"s":{"0":2,"1":1},"f":{"0":1},"b":{},"_coverageSchema":"1a1c01bbd47fc00a2c39e90264f33305004495a9","hash":"1e5e727ac898d6db16ae0602334e51e83ca827ff"}
,"/Users/stefansokolowski/Documents/Javascript/t9/client/src/components/Options/Options.jsx": {"path":"/Users/stefansokolowski/Documents/Javascript/t9/client/src/components/Options/Options.jsx","statementMap":{"0":{"start":{"line":5,"column":24},"end":{"line":8,"column":2}},"1":{"start":{"line":5,"column":34},"end":{"line":8,"column":1}},"2":{"start":{"line":10,"column":27},"end":{"line":14,"column":2}},"3":{"start":{"line":10,"column":40},"end":{"line":14,"column":1}},"4":{"start":{"line":11,"column":29},"end":{"line":11,"column":62}},"5":{"start":{"line":12,"column":24},"end":{"line":12,"column":52}},"6":{"start":{"line":13,"column":22},"end":{"line":13,"column":44}},"7":{"start":{"line":16,"column":16},"end":{"line":37,"column":1}},"8":{"start":{"line":17,"column":2},"end":{"line":36,"column":8}},"9":{"start":{"line":21,"column":29},"end":{"line":21,"column":50}},"10":{"start":{"line":29,"column":33},"end":{"line":29,"column":61}}},"fnMap":{"0":{"name":"(anonymous_0)","decl":{"start":{"line":5,"column":24},"end":{"line":5,"column":25}},"loc":{"start":{"line":5,"column":34},"end":{"line":8,"column":1}},"line":5},"1":{"name":"(anonymous_1)","decl":{"start":{"line":10,"column":27},"end":{"line":10,"column":28}},"loc":{"start":{"line":10,"column":40},"end":{"line":14,"column":1}},"line":10},"2":{"name":"(anonymous_2)","decl":{"start":{"line":11,"column":18},"end":{"line":11,"column":19}},"loc":{"start":{"line":11,"column":29},"end":{"line":11,"column":62}},"line":11},"3":{"name":"(anonymous_3)","decl":{"start":{"line":12,"column":13},"end":{"line":12,"column":14}},"loc":{"start":{"line":12,"column":24},"end":{"line":12,"column":52}},"line":12},"4":{"name":"(anonymous_4)","decl":{"start":{"line":13,"column":16},"end":{"line":13,"column":17}},"loc":{"start":{"line":13,"column":22},"end":{"line":13,"column":44}},"line":13},"5":{"name":"(anonymous_5)","decl":{"start":{"line":16,"column":16},"end":{"line":16,"column":17}},"loc":{"start":{"line":17,"column":2},"end":{"line":36,"column":8}},"line":17},"6":{"name":"(anonymous_6)","decl":{"start":{"line":21,"column":23},"end":{"line":21,"column":24}},"loc":{"start":{"line":21,"column":29},"end":{"line":21,"column":50}},"line":21},"7":{"name":"(anonymous_7)","decl":{"start":{"line":29,"column":26},"end":{"line":29,"column":27}},"loc":{"start":{"line":29,"column":33},"end":{"line":29,"column":61}},"line":29}},"branchMap":{},"s":{"0":2,"1":1,"2":2,"3":1,"4":0,"5":0,"6":0,"7":2,"8":1,"9":0,"10":0},"f":{"0":1,"1":1,"2":0,"3":0,"4":0,"5":1,"6":0,"7":0},"b":{},"_coverageSchema":"1a1c01bbd47fc00a2c39e90264f33305004495a9","hash":"36db83d71875f7345fb223600504a2390040e237"}
,"/Users/stefansokolowski/Documents/Javascript/t9/client/src/components/Phone/DialTones.jsx": {"path":"/Users/stefansokolowski/Documents/Javascript/t9/client/src/components/Phone/DialTones.jsx","statementMap":{"0":{"start":{"line":6,"column":27},"end":{"line":8,"column":2}},"1":{"start":{"line":6,"column":40},"end":{"line":8,"column":1}},"2":{"start":{"line":7,"column":26},"end":{"line":7,"column":58}},"3":{"start":{"line":10,"column":18},"end":{"line":25,"column":1}},"4":{"start":{"line":12,"column":17},"end":{"line":17,"column":3}},"5":{"start":{"line":13,"column":6},"end":{"line":15,"column":15}},"6":{"start":{"line":13,"column":69},"end":{"line":13,"column":110}},"7":{"start":{"line":19,"column":2},"end":{"line":23,"column":4}}},"fnMap":{"0":{"name":"(anonymous_0)","decl":{"start":{"line":6,"column":27},"end":{"line":6,"column":28}},"loc":{"start":{"line":6,"column":40},"end":{"line":8,"column":1}},"line":6},"1":{"name":"(anonymous_1)","decl":{"start":{"line":7,"column":15},"end":{"line":7,"column":16}},"loc":{"start":{"line":7,"column":26},"end":{"line":7,"column":58}},"line":7},"2":{"name":"(anonymous_2)","decl":{"start":{"line":10,"column":18},"end":{"line":10,"column":19}},"loc":{"start":{"line":10,"column":39},"end":{"line":25,"column":1}},"line":10},"3":{"name":"(anonymous_3)","decl":{"start":{"line":12,"column":44},"end":{"line":12,"column":45}},"loc":{"start":{"line":13,"column":6},"end":{"line":15,"column":15}},"line":13},"4":{"name":"(anonymous_4)","decl":{"start":{"line":13,"column":63},"end":{"line":13,"column":64}},"loc":{"start":{"line":13,"column":69},"end":{"line":13,"column":110}},"line":13}},"branchMap":{"0":{"loc":{"start":{"line":13,"column":81},"end":{"line":13,"column":109}},"type":"cond-expr","locations":[{"start":{"line":13,"column":94},"end":{"line":13,"column":104}},{"start":{"line":13,"column":107},"end":{"line":13,"column":109}}],"line":13},"1":{"loc":{"start":{"line":14,"column":26},"end":{"line":14,"column":72}},"type":"cond-expr","locations":[{"start":{"line":14,"column":39},"end":{"line":14,"column":58}},{"start":{"line":14,"column":61},"end":{"line":14,"column":72}}],"line":14}},"s":{"0":2,"1":1,"2":0,"3":2,"4":1,"5":12,"6":0,"7":1},"f":{"0":1,"1":0,"2":1,"3":12,"4":0},"b":{"0":[0,0],"1":[8,4]},"_coverageSchema":"1a1c01bbd47fc00a2c39e90264f33305004495a9","hash":"66e070e7cfd23e52bac0e4cac9ee56c33088a29d"}
,"/Users/stefansokolowski/Documents/Javascript/t9/client/src/components/Phone/Phone.jsx": {"path":"/Users/stefansokolowski/Documents/Javascript/t9/client/src/components/Phone/Phone.jsx","statementMap":{"0":{"start":{"line":6,"column":24},"end":{"line":11,"column":2}},"1":{"start":{"line":6,"column":34},"end":{"line":11,"column":1}},"2":{"start":{"line":13,"column":14},"end":{"line":25,"column":1}},"3":{"start":{"line":14,"column":2},"end":{"line":24,"column":8}}},"fnMap":{"0":{"name":"(anonymous_0)","decl":{"start":{"line":6,"column":24},"end":{"line":6,"column":25}},"loc":{"start":{"line":6,"column":34},"end":{"line":11,"column":1}},"line":6},"1":{"name":"(anonymous_1)","decl":{"start":{"line":13,"column":14},"end":{"line":13,"column":15}},"loc":{"start":{"line":14,"column":2},"end":{"line":24,"column":8}},"line":14}},"branchMap":{"0":{"loc":{"start":{"line":18,"column":8},"end":{"line":20,"column":90}},"type":"cond-expr","locations":[{"start":{"line":19,"column":12},"end":{"line":19,"column":24}},{"start":{"line":20,"column":12},"end":{"line":20,"column":90}}],"line":18}},"s":{"0":2,"1":1,"2":2,"3":1},"f":{"0":1,"1":1},"b":{"0":[0,1]},"_coverageSchema":"1a1c01bbd47fc00a2c39e90264f33305004495a9","hash":"7228d968360aab35a6a89f7dbb89a3c5bc92a4df"}
,"/Users/stefansokolowski/Documents/Javascript/t9/client/src/constants/telPad.js": {"path":"/Users/stefansokolowski/Documents/Javascript/t9/client/src/constants/telPad.js","statementMap":{"0":{"start":{"line":2,"column":15},"end":{"line":15,"column":1}}},"fnMap":{},"branchMap":{},"s":{"0":2},"f":{},"b":{},"_coverageSchema":"1a1c01bbd47fc00a2c39e90264f33305004495a9","hash":"512545208f45abad5b8849cfcd172612a4318fe0"}
,"/Users/stefansokolowski/Documents/Javascript/t9/client/src/redux/store.js": {"path":"/Users/stefansokolowski/Documents/Javascript/t9/client/src/redux/store.js","statementMap":{"0":{"start":{"line":6,"column":14},"end":{"line":6,"column":75}}},"fnMap":{},"branchMap":{},"s":{"0":1},"f":{},"b":{},"_coverageSchema":"1a1c01bbd47fc00a2c39e90264f33305004495a9","hash":"cab8f7e34530894cc23c76c292fbfdab6ddd50c6"}
,"/Users/stefansokolowski/Documents/Javascript/t9/client/src/redux/converter/converterActions.js": {"path":"/Users/stefansokolowski/Documents/Javascript/t9/client/src/redux/converter/converterActions.js","statementMap":{"0":{"start":{"line":7,"column":27},"end":{"line":10,"column":2}},"1":{"start":{"line":7,"column":39},"end":{"line":10,"column":1}},"2":{"start":{"line":12,"column":26},"end":{"line":14,"column":2}},"3":{"start":{"line":12,"column":33},"end":{"line":14,"column":1}},"4":{"start":{"line":16,"column":29},"end":{"line":19,"column":2}},"5":{"start":{"line":16,"column":41},"end":{"line":19,"column":1}},"6":{"start":{"line":21,"column":26},"end":{"line":24,"column":2}},"7":{"start":{"line":21,"column":38},"end":{"line":24,"column":1}},"8":{"start":{"line":26,"column":26},"end":{"line":29,"column":2}},"9":{"start":{"line":26,"column":38},"end":{"line":29,"column":1}},"10":{"start":{"line":31,"column":28},"end":{"line":34,"column":2}},"11":{"start":{"line":31,"column":40},"end":{"line":34,"column":1}},"12":{"start":{"line":36,"column":23},"end":{"line":41,"column":1}},"13":{"start":{"line":36,"column":34},"end":{"line":41,"column":1}},"14":{"start":{"line":37,"column":2},"end":{"line":37,"column":45}},"15":{"start":{"line":38,"column":2},"end":{"line":40,"column":49}},"16":{"start":{"line":39,"column":22},"end":{"line":39,"column":57}},"17":{"start":{"line":40,"column":20},"end":{"line":40,"column":47}}},"fnMap":{"0":{"name":"(anonymous_0)","decl":{"start":{"line":7,"column":27},"end":{"line":7,"column":28}},"loc":{"start":{"line":7,"column":39},"end":{"line":10,"column":1}},"line":7},"1":{"name":"(anonymous_1)","decl":{"start":{"line":12,"column":26},"end":{"line":12,"column":27}},"loc":{"start":{"line":12,"column":33},"end":{"line":14,"column":1}},"line":12},"2":{"name":"(anonymous_2)","decl":{"start":{"line":16,"column":29},"end":{"line":16,"column":30}},"loc":{"start":{"line":16,"column":41},"end":{"line":19,"column":1}},"line":16},"3":{"name":"(anonymous_3)","decl":{"start":{"line":21,"column":26},"end":{"line":21,"column":27}},"loc":{"start":{"line":21,"column":38},"end":{"line":24,"column":1}},"line":21},"4":{"name":"(anonymous_4)","decl":{"start":{"line":26,"column":26},"end":{"line":26,"column":27}},"loc":{"start":{"line":26,"column":38},"end":{"line":29,"column":1}},"line":26},"5":{"name":"(anonymous_5)","decl":{"start":{"line":31,"column":28},"end":{"line":31,"column":29}},"loc":{"start":{"line":31,"column":40},"end":{"line":34,"column":1}},"line":31},"6":{"name":"(anonymous_6)","decl":{"start":{"line":36,"column":23},"end":{"line":36,"column":24}},"loc":{"start":{"line":36,"column":34},"end":{"line":41,"column":1}},"line":36},"7":{"name":"(anonymous_7)","decl":{"start":{"line":36,"column":34},"end":{"line":36,"column":35}},"loc":{"start":{"line":36,"column":48},"end":{"line":41,"column":1}},"line":36},"8":{"name":"(anonymous_8)","decl":{"start":{"line":39,"column":10},"end":{"line":39,"column":11}},"loc":{"start":{"line":39,"column":22},"end":{"line":39,"column":57}},"line":39},"9":{"name":"(anonymous_9)","decl":{"start":{"line":40,"column":11},"end":{"line":40,"column":12}},"loc":{"start":{"line":40,"column":20},"end":{"line":40,"column":47}},"line":40}},"branchMap":{},"s":{"0":2,"1":0,"2":2,"3":0,"4":2,"5":0,"6":2,"7":0,"8":2,"9":0,"10":2,"11":0,"12":2,"13":0,"14":0,"15":0,"16":0,"17":0},"f":{"0":0,"1":0,"2":0,"3":0,"4":0,"5":0,"6":0,"7":0,"8":0,"9":0},"b":{},"_coverageSchema":"1a1c01bbd47fc00a2c39e90264f33305004495a9","hash":"fee08a65ab861e5400fcfa620a3fda5e4dba09a0"}
,"/Users/stefansokolowski/Documents/Javascript/t9/client/src/redux/converter/converterConstants.js": {"path":"/Users/stefansokolowski/Documents/Javascript/t9/client/src/redux/converter/converterConstants.js","statementMap":{"0":{"start":{"line":1,"column":28},"end":{"line":1,"column":42}},"1":{"start":{"line":2,"column":27},"end":{"line":2,"column":40}},"2":{"start":{"line":3,"column":30},"end":{"line":3,"column":46}},"3":{"start":{"line":4,"column":27},"end":{"line":4,"column":40}},"4":{"start":{"line":5,"column":27},"end":{"line":5,"column":40}},"5":{"start":{"line":6,"column":29},"end":{"line":6,"column":44}}},"fnMap":{},"branchMap":{},"s":{"0":2,"1":2,"2":2,"3":2,"4":2,"5":2},"f":{},"b":{},"_coverageSchema":"1a1c01bbd47fc00a2c39e90264f33305004495a9","hash":"ac2babd0358996b96c5fda6e17832e5dfa82e565"}
,"/Users/stefansokolowski/Documents/Javascript/t9/client/src/redux/converter/converterReducer.js": {"path":"/Users/stefansokolowski/Documents/Javascript/t9/client/src/redux/converter/converterReducer.js","statementMap":{"0":{"start":{"line":3,"column":21},"end":{"line":8,"column":1}},"1":{"start":{"line":10,"column":25},"end":{"line":48,"column":1}},"2":{"start":{"line":11,"column":2},"end":{"line":47,"column":3}},"3":{"start":{"line":13,"column":6},"end":{"line":16,"column":8}},"4":{"start":{"line":18,"column":6},"end":{"line":22,"column":8}},"5":{"start":{"line":24,"column":6},"end":{"line":27,"column":8}},"6":{"start":{"line":29,"column":6},"end":{"line":33,"column":8}},"7":{"start":{"line":35,"column":6},"end":{"line":35,"column":56}},"8":{"start":{"line":36,"column":6},"end":{"line":39,"column":8}},"9":{"start":{"line":41,"column":6},"end":{"line":44,"column":8}},"10":{"start":{"line":46,"column":6},"end":{"line":46,"column":19}}},"fnMap":{"0":{"name":"(anonymous_0)","decl":{"start":{"line":10,"column":25},"end":{"line":10,"column":26}},"loc":{"start":{"line":10,"column":59},"end":{"line":48,"column":1}},"line":10}},"branchMap":{"0":{"loc":{"start":{"line":10,"column":26},"end":{"line":10,"column":46}},"type":"default-arg","locations":[{"start":{"line":10,"column":34},"end":{"line":10,"column":46}}],"line":10},"1":{"loc":{"start":{"line":11,"column":2},"end":{"line":47,"column":3}},"type":"switch","locations":[{"start":{"line":12,"column":4},"end":{"line":16,"column":8}},{"start":{"line":17,"column":4},"end":{"line":22,"column":8}},{"start":{"line":23,"column":4},"end":{"line":27,"column":8}},{"start":{"line":28,"column":4},"end":{"line":33,"column":8}},{"start":{"line":34,"column":4},"end":{"line":39,"column":8}},{"start":{"line":40,"column":4},"end":{"line":44,"column":8}},{"start":{"line":45,"column":4},"end":{"line":46,"column":19}}],"line":11}},"s":{"0":1,"1":1,"2":1,"3":0,"4":0,"5":0,"6":0,"7":0,"8":0,"9":0,"10":1},"f":{"0":1},"b":{"0":[1],"1":[0,0,0,0,0,0,1]},"_coverageSchema":"1a1c01bbd47fc00a2c39e90264f33305004495a9","hash":"b673b3de0b1fc2c1c1051f485212653322910def"}
,"/Users/stefansokolowski/Documents/Javascript/t9/client/src/utils/filterOutput.js": {"path":"/Users/stefansokolowski/Documents/Javascript/t9/client/src/utils/filterOutput.js","statementMap":{"0":{"start":{"line":4,"column":21},"end":{"line":8,"column":1}},"1":{"start":{"line":5,"column":2},"end":{"line":7,"column":80}},"2":{"start":{"line":7,"column":41},"end":{"line":7,"column":68}},"3":{"start":{"line":11,"column":24},"end":{"line":29,"column":1}},"4":{"start":{"line":12,"column":21},"end":{"line":12,"column":32}},"5":{"start":{"line":13,"column":2},"end":{"line":15,"column":3}},"6":{"start":{"line":14,"column":4},"end":{"line":14,"column":16}},"7":{"start":{"line":16,"column":16},"end":{"line":16,"column":65}},"8":{"start":{"line":17,"column":12},"end":{"line":17,"column":13}},"9":{"start":{"line":18,"column":13},"end":{"line":18,"column":22}},"10":{"start":{"line":19,"column":15},"end":{"line":19,"column":36}},"11":{"start":{"line":21,"column":2},"end":{"line":28,"column":3}},"12":{"start":{"line":22,"column":16},"end":{"line":22,"column":85}},"13":{"start":{"line":23,"column":4},"end":{"line":25,"column":5}},"14":{"start":{"line":24,"column":6},"end":{"line":24,"column":18}},"15":{"start":{"line":26,"column":4},"end":{"line":26,"column":56}},"16":{"start":{"line":27,"column":4},"end":{"line":27,"column":42}}},"fnMap":{"0":{"name":"(anonymous_0)","decl":{"start":{"line":4,"column":21},"end":{"line":4,"column":22}},"loc":{"start":{"line":5,"column":2},"end":{"line":7,"column":80}},"line":5},"1":{"name":"(anonymous_1)","decl":{"start":{"line":7,"column":27},"end":{"line":7,"column":28}},"loc":{"start":{"line":7,"column":41},"end":{"line":7,"column":68}},"line":7},"2":{"name":"(anonymous_2)","decl":{"start":{"line":11,"column":24},"end":{"line":11,"column":25}},"loc":{"start":{"line":11,"column":32},"end":{"line":29,"column":1}},"line":11}},"branchMap":{"0":{"loc":{"start":{"line":5,"column":2},"end":{"line":7,"column":80}},"type":"cond-expr","locations":[{"start":{"line":6,"column":6},"end":{"line":6,"column":30}},{"start":{"line":7,"column":6},"end":{"line":7,"column":80}}],"line":5},"1":{"loc":{"start":{"line":13,"column":2},"end":{"line":15,"column":3}},"type":"if","locations":[{"start":{"line":13,"column":2},"end":{"line":15,"column":3}},{"start":{},"end":{}}],"line":13},"2":{"loc":{"start":{"line":23,"column":4},"end":{"line":25,"column":5}},"type":"if","locations":[{"start":{"line":23,"column":4},"end":{"line":25,"column":5}},{"start":{},"end":{}}],"line":23},"3":{"loc":{"start":{"line":26,"column":4},"end":{"line":26,"column":55}},"type":"cond-expr","locations":[{"start":{"line":26,"column":19},"end":{"line":26,"column":36}},{"start":{"line":26,"column":39},"end":{"line":26,"column":55}}],"line":26}},"s":{"0":3,"1":5,"2":7,"3":3,"4":7,"5":7,"6":1,"7":6,"8":6,"9":6,"10":6,"11":6,"12":67,"13":67,"14":2,"15":65,"16":65},"f":{"0":5,"1":7,"2":7},"b":{"0":[2,3],"1":[1,6],"2":[2,65],"3":[31,34]},"_coverageSchema":"1a1c01bbd47fc00a2c39e90264f33305004495a9","hash":"2643ca4f5a33f8998ffe81bd4c4b06c5c9fe0a4b"}
,"/Users/stefansokolowski/Documents/Javascript/t9/client/src/utils/preProcessedWords.js": {"path":"/Users/stefansokolowski/Documents/Javascript/t9/client/src/utils/preProcessedWords.js","statementMap":{"0":{"start":{"line":4,"column":26},"end":{"line":4,"column":28}},"1":{"start":{"line":5,"column":0},"end":{"line":9,"column":2}},"2":{"start":{"line":6,"column":2},"end":{"line":8,"column":10}}},"fnMap":{"0":{"name":"(anonymous_0)","decl":{"start":{"line":5,"column":14},"end":{"line":5,"column":15}},"loc":{"start":{"line":6,"column":2},"end":{"line":8,"column":10}},"line":6}},"branchMap":{"0":{"loc":{"start":{"line":6,"column":35},"end":{"line":8,"column":10}},"type":"cond-expr","locations":[{"start":{"line":7,"column":6},"end":{"line":7,"column":43}},{"start":{"line":8,"column":6},"end":{"line":8,"column":10}}],"line":6}},"s":{"0":3,"1":3,"2":824811},"f":{"0":824811},"b":{"0":[824730,81]},"_coverageSchema":"1a1c01bbd47fc00a2c39e90264f33305004495a9","hash":"a5ad6498975c65eee6e7dac2680701c150060c31"}
}
