TN:
SF:src/App.js
FN:8,(anonymous_0)
FNF:1
FNH:1
FNDA:1,(anonymous_0)
DA:8,1
DA:9,1
LF:2
LH:2
BRF:0
BRH:0
end_of_record
TN:
SF:src/index.js
FNF:0
FNH:0
DA:6,0
LF:1
LH:0
BRF:0
BRH:0
end_of_record
TN:
SF:src/components/Main.jsx
FN:8,(anonymous_0)
FN:9,(anonymous_1)
FN:12,(anonymous_2)
FN:15,(anonymous_3)
FN:16,(anonymous_4)
FN:18,(anonymous_5)
FNF:6
FNH:4
FNDA:1,(anonymous_0)
FNDA:0,(anonymous_1)
FNDA:1,(anonymous_2)
FNDA:1,(anonymous_3)
FNDA:0,(anonymous_4)
FNDA:1,(anonymous_5)
DA:8,2
DA:9,0
DA:12,2
DA:15,1
DA:16,1
DA:17,1
DA:18,1
DA:21,1
LF:8
LH:7
BRDA:16,0,0,0
BRDA:16,0,1,0
BRF:2
BRH:0
end_of_record
TN:
SF:src/components/NotFound.jsx
FN:3,(anonymous_0)
FNF:1
FNH:1
FNDA:1,(anonymous_0)
DA:3,2
DA:4,1
LF:2
LH:2
BRF:0
BRH:0
end_of_record
TN:
SF:src/components/Options/Options.jsx
FN:5,(anonymous_0)
FN:10,(anonymous_1)
FN:11,(anonymous_2)
FN:12,(anonymous_3)
FN:13,(anonymous_4)
FN:16,(anonymous_5)
FN:21,(anonymous_6)
FN:29,(anonymous_7)
FNF:8
FNH:3
FNDA:1,(anonymous_0)
FNDA:1,(anonymous_1)
FNDA:0,(anonymous_2)
FNDA:0,(anonymous_3)
FNDA:0,(anonymous_4)
FNDA:1,(anonymous_5)
FNDA:0,(anonymous_6)
FNDA:0,(anonymous_7)
DA:5,2
DA:10,2
DA:11,0
DA:12,0
DA:13,0
DA:16,2
DA:17,1
DA:21,0
DA:29,0
LF:9
LH:4
BRF:0
BRH:0
end_of_record
TN:
SF:src/components/Phone/DialTones.jsx
FN:6,(anonymous_0)
FN:7,(anonymous_1)
FN:10,(anonymous_2)
FN:12,(anonymous_3)
FN:13,(anonymous_4)
FNF:5
FNH:3
FNDA:1,(anonymous_0)
FNDA:0,(anonymous_1)
FNDA:1,(anonymous_2)
FNDA:12,(anonymous_3)
FNDA:0,(anonymous_4)
DA:6,2
DA:7,0
DA:10,2
DA:12,1
DA:13,12
DA:19,1
LF:6
LH:5
BRDA:13,0,0,0
BRDA:13,0,1,0
BRDA:14,1,0,8
BRDA:14,1,1,4
BRF:4
BRH:2
end_of_record
TN:
SF:src/components/Phone/Phone.jsx
FN:6,(anonymous_0)
FN:13,(anonymous_1)
FNF:2
FNH:2
FNDA:1,(anonymous_0)
FNDA:1,(anonymous_1)
DA:6,2
DA:13,2
DA:14,1
LF:3
LH:3
BRDA:18,0,0,0
BRDA:18,0,1,1
BRF:2
BRH:1
end_of_record
TN:
SF:src/constants/telPad.js
FNF:0
FNH:0
DA:2,2
LF:1
LH:1
BRF:0
BRH:0
end_of_record
TN:
SF:src/redux/store.js
FNF:0
FNH:0
DA:6,1
LF:1
LH:1
BRF:0
BRH:0
end_of_record
TN:
SF:src/redux/converter/converterActions.js
FN:7,(anonymous_0)
FN:12,(anonymous_1)
FN:16,(anonymous_2)
FN:21,(anonymous_3)
FN:26,(anonymous_4)
FN:31,(anonymous_5)
FN:36,(anonymous_6)
FN:36,(anonymous_7)
FN:39,(anonymous_8)
FN:40,(anonymous_9)
FNF:10
FNH:0
FNDA:0,(anonymous_0)
FNDA:0,(anonymous_1)
FNDA:0,(anonymous_2)
FNDA:0,(anonymous_3)
FNDA:0,(anonymous_4)
FNDA:0,(anonymous_5)
FNDA:0,(anonymous_6)
FNDA:0,(anonymous_7)
FNDA:0,(anonymous_8)
FNDA:0,(anonymous_9)
DA:7,2
DA:12,2
DA:16,2
DA:21,2
DA:26,2
DA:31,2
DA:36,2
DA:37,0
DA:38,0
DA:39,0
DA:40,0
LF:11
LH:7
BRF:0
BRH:0
end_of_record
TN:
SF:src/redux/converter/converterConstants.js
FNF:0
FNH:0
DA:1,2
DA:2,2
DA:3,2
DA:4,2
DA:5,2
DA:6,2
LF:6
LH:6
BRF:0
BRH:0
end_of_record
TN:
SF:src/redux/converter/converterReducer.js
FN:10,(anonymous_0)
FNF:1
FNH:1
FNDA:1,(anonymous_0)
DA:3,1
DA:10,1
DA:11,1
DA:13,0
DA:18,0
DA:24,0
DA:29,0
DA:35,0
DA:36,0
DA:41,0
DA:46,1
LF:11
LH:4
BRDA:10,0,0,1
BRDA:11,1,0,0
BRDA:11,1,1,0
BRDA:11,1,2,0
BRDA:11,1,3,0
BRDA:11,1,4,0
BRDA:11,1,5,0
BRDA:11,1,6,1
BRF:8
BRH:2
end_of_record
TN:
SF:src/utils/filterOutput.js
FN:4,(anonymous_0)
FN:7,(anonymous_1)
FN:11,(anonymous_2)
FNF:3
FNH:3
FNDA:5,(anonymous_0)
FNDA:7,(anonymous_1)
FNDA:7,(anonymous_2)
DA:4,3
DA:5,5
DA:7,7
DA:11,3
DA:12,7
DA:13,7
DA:14,1
DA:16,6
DA:17,6
DA:18,6
DA:19,6
DA:21,6
DA:22,67
DA:23,67
DA:24,2
DA:26,65
DA:27,65
LF:17
LH:17
BRDA:5,0,0,2
BRDA:5,0,1,3
BRDA:13,1,0,1
BRDA:13,1,1,6
BRDA:23,2,0,2
BRDA:23,2,1,65
BRDA:26,3,0,31
BRDA:26,3,1,34
BRF:8
BRH:8
end_of_record
TN:
SF:src/utils/preProcessedWords.js
FN:5,(anonymous_0)
FNF:1
FNH:1
FNDA:824811,(anonymous_0)
DA:4,3
DA:5,3
DA:6,824811
LF:3
LH:3
BRDA:6,0,0,824730
BRDA:6,0,1,81
BRF:2
BRH:2
end_of_record
